Content-Type: multipart/alternative;
 boundary="===============8842749529331671345=="
MIME-Version: 1.0
Subject: [Application]: Confirmation
From: cswong@example.com.hk
To: admin@example.com
Cc: samwongdev20@gmail.com
Date: Sat, 04 Dec 2021 06:10:00 -0000
Message-ID: <163859820037.12720.17132612468877645040@DESKTOP-3AJJOQ8>

--===============8842749529331671345==
Content-Type: text/html; charset="utf-8"
MIME-Version: 1.0
Content-Transfer-Encoding: 7bit

<!DOCTYPE html>
<html>
<head>
</head>
<body>
<p>Dear admin,</p>
<p>
    This is confirmation email.
</p>
</body>
</html>
--===============8842749529331671345==--

-------------------------------------------------------------------------------
Content-Type: multipart/alternative;
 boundary="===============8398681184035072059=="
MIME-Version: 1.0
Subject: [Application]: Confirmation
From: cswong@example.com.hk
To: admin@example.com
Cc: samwongdev20@gmail.com
Date: Sat, 04 Dec 2021 06:10:00 -0000
Message-ID: <163859820061.12720.191261583281246430@DESKTOP-3AJJOQ8>

--===============8398681184035072059==
Content-Type: text/html; charset="utf-8"
MIME-Version: 1.0
Content-Transfer-Encoding: 7bit

<!DOCTYPE html>
<html>
<head>
</head>
<body>
<p>Dear admin,</p>
<p>
    This is confirmation email.
</p>
</body>
</html>
--===============8398681184035072059==--

-------------------------------------------------------------------------------
Content-Type: multipart/alternative;
 boundary="===============5039228910611128755=="
MIME-Version: 1.0
Subject: [Application]: Confirmation
From: cswong@example.com.hk
To: admin@example.com
Cc: samwongdev20@gmail.com
Date: Sat, 04 Dec 2021 06:10:00 -0000
Message-ID: <163859820076.12720.2812218311776070952@DESKTOP-3AJJOQ8>

--===============5039228910611128755==
Content-Type: text/html; charset="utf-8"
MIME-Version: 1.0
Content-Transfer-Encoding: 7bit

<!DOCTYPE html>
<html>
<head>
</head>
<body>
<p>Dear admin,</p>
<p>
    This is confirmation email.
</p>
</body>
</html>
--===============5039228910611128755==--

-------------------------------------------------------------------------------
Content-Type: multipart/alternative;
 boundary="===============3508874816393272471=="
MIME-Version: 1.0
Subject: [Application]: Confirmation
From: cswong@example.com.hk
To: admin@example.com
Cc: samwongdev20@gmail.com
Date: Sat, 04 Dec 2021 06:10:00 -0000
Message-ID: <163859820084.12720.1179427863105804684@DESKTOP-3AJJOQ8>

--===============3508874816393272471==
Content-Type: text/html; charset="utf-8"
MIME-Version: 1.0
Content-Transfer-Encoding: 7bit

<!DOCTYPE html>
<html>
<head>
</head>
<body>
<p>Dear admin,</p>
<p>
    This is confirmation email.
</p>
</body>
</html>
--===============3508874816393272471==--

-------------------------------------------------------------------------------
Content-Type: multipart/alternative;
 boundary="===============8175003101128588720=="
MIME-Version: 1.0
Subject: [Application]: Confirmation
From: cswong@example.com.hk
To: admin@example.com
Cc: samwongdev20@gmail.com
Date: Sat, 04 Dec 2021 06:10:00 -0000
Message-ID: <163859820090.12720.10081100521449449521@DESKTOP-3AJJOQ8>

--===============8175003101128588720==
Content-Type: text/html; charset="utf-8"
MIME-Version: 1.0
Content-Transfer-Encoding: 7bit

<!DOCTYPE html>
<html>
<head>
</head>
<body>
<p>Dear admin,</p>
<p>
    This is confirmation email.
</p>
</body>
</html>
--===============8175003101128588720==--

-------------------------------------------------------------------------------
Content-Type: multipart/alternative;
 boundary="===============4609001211520958599=="
MIME-Version: 1.0
Subject: [Application]: Confirmation
From: cswong@example.com.hk
To: admin@example.com
Cc: samwongdev20@gmail.com
Date: Sat, 04 Dec 2021 06:10:00 -0000
Message-ID: <163859820096.12720.1445064673600363472@DESKTOP-3AJJOQ8>

--===============4609001211520958599==
Content-Type: text/html; charset="utf-8"
MIME-Version: 1.0
Content-Transfer-Encoding: 7bit

<!DOCTYPE html>
<html>
<head>
</head>
<body>
<p>Dear admin,</p>
<p>
    This is confirmation email.
</p>
</body>
</html>
--===============4609001211520958599==--

-------------------------------------------------------------------------------
Content-Type: multipart/alternative;
 boundary="===============8072972905230938008=="
MIME-Version: 1.0
Subject: [Application]: Confirmation
From: cswong@example.com.hk
To: admin@example.com
Cc: samwongdev20@gmail.com
Date: Sat, 04 Dec 2021 06:10:01 -0000
Message-ID: <163859820102.12720.1564188284751775765@DESKTOP-3AJJOQ8>

--===============8072972905230938008==
Content-Type: text/html; charset="utf-8"
MIME-Version: 1.0
Content-Transfer-Encoding: 7bit

<!DOCTYPE html>
<html>
<head>
</head>
<body>
<p>Dear admin,</p>
<p>
    This is confirmation email.
</p>
</body>
</html>
--===============8072972905230938008==--

-------------------------------------------------------------------------------
Content-Type: multipart/alternative;
 boundary="===============8600955215810343822=="
MIME-Version: 1.0
Subject: [Application]: Confirmation
From: cswong@example.com.hk
To: admin@example.com
Cc: samwongdev20@gmail.com
Date: Sat, 04 Dec 2021 06:10:01 -0000
Message-ID: <163859820108.12720.8738575483113856828@DESKTOP-3AJJOQ8>

--===============8600955215810343822==
Content-Type: text/html; charset="utf-8"
MIME-Version: 1.0
Content-Transfer-Encoding: 7bit

<!DOCTYPE html>
<html>
<head>
</head>
<body>
<p>Dear admin,</p>
<p>
    This is confirmation email.
</p>
</body>
</html>
--===============8600955215810343822==--

-------------------------------------------------------------------------------
Content-Type: multipart/alternative;
 boundary="===============1183364286175642793=="
MIME-Version: 1.0
Subject: [Application]: Confirmation
From: cswong@example.com.hk
To: admin@example.com
Cc: samwongdev20@gmail.com
Date: Sat, 04 Dec 2021 06:10:01 -0000
Message-ID: <163859820114.12720.16398790611012871805@DESKTOP-3AJJOQ8>

--===============1183364286175642793==
Content-Type: text/html; charset="utf-8"
MIME-Version: 1.0
Content-Transfer-Encoding: 7bit

<!DOCTYPE html>
<html>
<head>
</head>
<body>
<p>Dear admin,</p>
<p>
    This is confirmation email.
</p>
</body>
</html>
--===============1183364286175642793==--

-------------------------------------------------------------------------------
Content-Type: multipart/alternative;
 boundary="===============3440035983764306878=="
MIME-Version: 1.0
Subject: [Application]: Confirmation
From: cswong@example.com.hk
To: admin@example.com
Cc: samwongdev20@gmail.com
Date: Sat, 04 Dec 2021 06:10:01 -0000
Message-ID: <163859820121.12720.3651698897723722567@DESKTOP-3AJJOQ8>

--===============3440035983764306878==
Content-Type: text/html; charset="utf-8"
MIME-Version: 1.0
Content-Transfer-Encoding: 7bit

<!DOCTYPE html>
<html>
<head>
</head>
<body>
<p>Dear admin,</p>
<p>
    This is confirmation email.
</p>
</body>
</html>
--===============3440035983764306878==--

-------------------------------------------------------------------------------
Content-Type: multipart/alternative;
 boundary="===============0587527440375997444=="
MIME-Version: 1.0
Subject: [Application]: Confirmation
From: cswong@example.com.hk
To: admin@example.com
Cc: samwongdev20@gmail.com
Date: Sat, 04 Dec 2021 06:10:01 -0000
Message-ID: <163859820127.12720.2323964143001579136@DESKTOP-3AJJOQ8>

--===============0587527440375997444==
Content-Type: text/html; charset="utf-8"
MIME-Version: 1.0
Content-Transfer-Encoding: 7bit

<!DOCTYPE html>
<html>
<head>
</head>
<body>
<p>Dear admin,</p>
<p>
    This is confirmation email.
</p>
</body>
</html>
--===============0587527440375997444==--

-------------------------------------------------------------------------------
Content-Type: multipart/alternative;
 boundary="===============8064565335544803645=="
MIME-Version: 1.0
Subject: [Application]: Confirmation
From: cswong@example.com.hk
To: admin@example.com
Cc: samwongdev20@gmail.com
Date: Sat, 04 Dec 2021 06:10:01 -0000
Message-ID: <163859820133.12720.10191191041851196704@DESKTOP-3AJJOQ8>

--===============8064565335544803645==
Content-Type: text/html; charset="utf-8"
MIME-Version: 1.0
Content-Transfer-Encoding: 7bit

<!DOCTYPE html>
<html>
<head>
</head>
<body>
<p>Dear admin,</p>
<p>
    This is confirmation email.
</p>
</body>
</html>
--===============8064565335544803645==--

-------------------------------------------------------------------------------
