Content-Type: multipart/alternative;
 boundary="===============5665237135837134959=="
MIME-Version: 1.0
Subject: [Application]: Confirmation
From: cswong@example.com.hk
To: admin@example.com
Cc: samwongdev20@gmail.com
Date: Sat, 04 Dec 2021 06:09:00 -0000
Message-ID: <163859814050.12720.8104966831671541654@DESKTOP-3AJJOQ8>

--===============5665237135837134959==
Content-Type: text/html; charset="utf-8"
MIME-Version: 1.0
Content-Transfer-Encoding: 7bit

<!DOCTYPE html>
<html>
<head>
</head>
<body>
<p>Dear admin,</p>
<p>
    This is confirmation email.
</p>
</body>
</html>
--===============5665237135837134959==--

-------------------------------------------------------------------------------
Content-Type: multipart/alternative;
 boundary="===============2710548108722335154=="
MIME-Version: 1.0
Subject: [Application]: Confirmation
From: cswong@example.com.hk
To: admin@example.com
Cc: samwongdev20@gmail.com
Date: Sat, 04 Dec 2021 06:09:00 -0000
Message-ID: <163859814070.12720.7965933906062242618@DESKTOP-3AJJOQ8>

--===============2710548108722335154==
Content-Type: text/html; charset="utf-8"
MIME-Version: 1.0
Content-Transfer-Encoding: 7bit

<!DOCTYPE html>
<html>
<head>
</head>
<body>
<p>Dear admin,</p>
<p>
    This is confirmation email.
</p>
</body>
</html>
--===============2710548108722335154==--

-------------------------------------------------------------------------------
Content-Type: multipart/alternative;
 boundary="===============6981576124089597413=="
MIME-Version: 1.0
Subject: [Application]: Confirmation
From: cswong@example.com.hk
To: admin@example.com
Cc: samwongdev20@gmail.com
Date: Sat, 04 Dec 2021 06:09:00 -0000
Message-ID: <163859814076.12720.5615947862526448803@DESKTOP-3AJJOQ8>

--===============6981576124089597413==
Content-Type: text/html; charset="utf-8"
MIME-Version: 1.0
Content-Transfer-Encoding: 7bit

<!DOCTYPE html>
<html>
<head>
</head>
<body>
<p>Dear admin,</p>
<p>
    This is confirmation email.
</p>
</body>
</html>
--===============6981576124089597413==--

-------------------------------------------------------------------------------
Content-Type: multipart/alternative;
 boundary="===============1728208959064997860=="
MIME-Version: 1.0
Subject: [Application]: Confirmation
From: cswong@example.com.hk
To: admin@example.com
Cc: samwongdev20@gmail.com
Date: Sat, 04 Dec 2021 06:09:00 -0000
Message-ID: <163859814085.12720.5466410282385098098@DESKTOP-3AJJOQ8>

--===============1728208959064997860==
Content-Type: text/html; charset="utf-8"
MIME-Version: 1.0
Content-Transfer-Encoding: 7bit

<!DOCTYPE html>
<html>
<head>
</head>
<body>
<p>Dear admin,</p>
<p>
    This is confirmation email.
</p>
</body>
</html>
--===============1728208959064997860==--

-------------------------------------------------------------------------------
Content-Type: multipart/alternative;
 boundary="===============6546947360118909713=="
MIME-Version: 1.0
Subject: [Application]: Confirmation
From: cswong@example.com.hk
To: admin@example.com
Cc: samwongdev20@gmail.com
Date: Sat, 04 Dec 2021 06:09:00 -0000
Message-ID: <163859814094.12720.9385949107285088786@DESKTOP-3AJJOQ8>

--===============6546947360118909713==
Content-Type: text/html; charset="utf-8"
MIME-Version: 1.0
Content-Transfer-Encoding: 7bit

<!DOCTYPE html>
<html>
<head>
</head>
<body>
<p>Dear admin,</p>
<p>
    This is confirmation email.
</p>
</body>
</html>
--===============6546947360118909713==--

-------------------------------------------------------------------------------
Content-Type: multipart/alternative;
 boundary="===============4757907843544340015=="
MIME-Version: 1.0
Subject: [Application]: Confirmation
From: cswong@example.com.hk
To: admin@example.com
Cc: samwongdev20@gmail.com
Date: Sat, 04 Dec 2021 06:09:01 -0000
Message-ID: <163859814103.12720.2960344047827500833@DESKTOP-3AJJOQ8>

--===============4757907843544340015==
Content-Type: text/html; charset="utf-8"
MIME-Version: 1.0
Content-Transfer-Encoding: 7bit

<!DOCTYPE html>
<html>
<head>
</head>
<body>
<p>Dear admin,</p>
<p>
    This is confirmation email.
</p>
</body>
</html>
--===============4757907843544340015==--

-------------------------------------------------------------------------------
Content-Type: multipart/alternative;
 boundary="===============7895419672668951217=="
MIME-Version: 1.0
Subject: [Application]: Confirmation
From: cswong@example.com.hk
To: admin@example.com
Cc: samwongdev20@gmail.com
Date: Sat, 04 Dec 2021 06:09:01 -0000
Message-ID: <163859814115.12720.9516787245740886048@DESKTOP-3AJJOQ8>

--===============7895419672668951217==
Content-Type: text/html; charset="utf-8"
MIME-Version: 1.0
Content-Transfer-Encoding: 7bit

<!DOCTYPE html>
<html>
<head>
</head>
<body>
<p>Dear admin,</p>
<p>
    This is confirmation email.
</p>
</body>
</html>
--===============7895419672668951217==--

-------------------------------------------------------------------------------
Content-Type: multipart/alternative;
 boundary="===============0083108216638785448=="
MIME-Version: 1.0
Subject: [Application]: Confirmation
From: cswong@example.com.hk
To: admin@example.com
Cc: samwongdev20@gmail.com
Date: Sat, 04 Dec 2021 06:09:01 -0000
Message-ID: <163859814125.12720.16717422839120056290@DESKTOP-3AJJOQ8>

--===============0083108216638785448==
Content-Type: text/html; charset="utf-8"
MIME-Version: 1.0
Content-Transfer-Encoding: 7bit

<!DOCTYPE html>
<html>
<head>
</head>
<body>
<p>Dear admin,</p>
<p>
    This is confirmation email.
</p>
</body>
</html>
--===============0083108216638785448==--

-------------------------------------------------------------------------------
Content-Type: multipart/alternative;
 boundary="===============0385755137302760434=="
MIME-Version: 1.0
Subject: [Application]: Confirmation
From: cswong@example.com.hk
To: admin@example.com
Cc: samwongdev20@gmail.com
Date: Sat, 04 Dec 2021 06:09:01 -0000
Message-ID: <163859814132.12720.8141622444757254877@DESKTOP-3AJJOQ8>

--===============0385755137302760434==
Content-Type: text/html; charset="utf-8"
MIME-Version: 1.0
Content-Transfer-Encoding: 7bit

<!DOCTYPE html>
<html>
<head>
</head>
<body>
<p>Dear admin,</p>
<p>
    This is confirmation email.
</p>
</body>
</html>
--===============0385755137302760434==--

-------------------------------------------------------------------------------
